[0m[[0m[0mdebug[0m] [0m[0m> Exec(test, Some(63a686d1-f73c-4852-8ee5-f853695750de), Some(CommandSource(console0)))[0m
[0m[[0m[0mdebug[0m] [0m[0mEvaluating tasks: Test / test[0m
[0m[[0m[0mdebug[0m] [0m[0mRunning task... Cancel: Signal, check cycles: false, forcegc: true[0m
[0m[[0m[0minfo[0m] [0m[0mcompiling 1 Scala source to C:\Users\Emile\OneDrive - Efrei\Bureau\OTHERS\Programmes\Scala\Airport-scala-app\target\scala-2.13\test-classes ...[0m
[0m[[0m[0minfo[0m] [0m[0m[32mMainEntryTest:[0m[0m
[0m[[0m[0minfo[0m] [0m[0m[32m- MainEntry.getCountryName[0m[0m
[0m[[0m[0minfo[0m] [0m[0m[32m- MainEntry.getCountryCode[0m[0m
[0m[[0m[0minfo[0m] [0m[0m[32mQueryTest:[0m[0m
[0m[[0m[0minfo[0m] [0m[0m[31m- Query.getCountryName *** FAILED ***[0m[0m
[0m[[0m[0minfo[0m] [0m[0m[31m  "Ind[ones]ia" did not equal "Ind[]ia" (QueryTest.scala:11)[0m[0m
[0m[[0m[0minfo[0m] [0m[0m[31m  Analysis:[0m[0m
[0m[[0m[0minfo[0m] [0m[0m[31m  "Ind[ones]ia" -> "Ind[]ia"[0m[0m
[0m[[0m[0minfo[0m] [0m[0m[32m- Query.getCountryCode[0m[0m
[0m[[0m[0minfo[0m] [0m[0m[36mRun completed in 1 second, 79 milliseconds.[0m[0m
[0m[[0m[0minfo[0m] [0m[0m[36mTotal number of tests run: 4[0m[0m
[0m[[0m[0minfo[0m] [0m[0m[36mSuites: completed 2, aborted 0[0m[0m
[0m[[0m[0minfo[0m] [0m[0m[36mTests: succeeded 3, failed 1, canceled 0, ignored 0, pending 0[0m[0m
[0m[[0m[0minfo[0m] [0m[0m[31m*** 1 TEST FAILED ***[0m[0m
[0m[[0m[31merror[0m] [0m[0mFailed tests:[0m
[0m[[0m[31merror[0m] [0m[0m	QueryTest[0m
[0m[[0m[31merror[0m] [0m[0m(Test / [31mtest[0m) sbt.TestsFailedException: Tests unsuccessful[0m
[0m[[0m[31merror[0m] [0m[0mTotal time: 3 s, completed 11 nov. 2021 19:08:21[0m
[0m[[0m[0mdebug[0m] [0m[0m> Exec(shell, None, None)[0m
