[0m[[0m[0mdebug[0m] [0m[0m> Exec(test, Some(ebadceed-a94b-4f74-abef-b7363d8160f5), Some(CommandSource(console0)))[0m
[0m[[0m[0mdebug[0m] [0m[0mEvaluating tasks: Test / test[0m
[0m[[0m[0mdebug[0m] [0m[0mRunning task... Cancel: Signal, check cycles: false, forcegc: true[0m
[0m[[0m[0minfo[0m] [0m[0mcompiling 3 Scala sources to C:\Users\Emile\OneDrive - Efrei\Bureau\OTHERS\Programmes\Scala\scalatesttutorial\target\scala-2.13\classes ...[0m
[0m[[0m[33mwarn[0m] [0m[0m2 deprecations (since 2.13.0)[0m
[0m[[0m[33mwarn[0m] [0m[0m3 deprecations (since 2.13.3)[0m
[0m[[0m[33mwarn[0m] [0m[0m5 deprecations in total; re-run with -deprecation for details[0m
[0m[[0m[33mwarn[0m] [0m[0mthree warnings found[0m
[0m[[0m[0minfo[0m] [0m[0mcompiling 2 Scala sources to C:\Users\Emile\OneDrive - Efrei\Bureau\OTHERS\Programmes\Scala\scalatesttutorial\target\scala-2.13\test-classes ...[0m
[0m[[0m[31merror[0m] [0m[0mC:\Users\Emile\OneDrive - Efrei\Bureau\OTHERS\Programmes\Scala\scalatesttutorial\src\test\scala\MainEntryTest.scala:1:12: object scalaTest is not a member of package org[0m
[0m[[0m[31merror[0m] [0m[0mdid you mean scalatest?[0m
[0m[[0m[31merror[0m] [0m[0mimport org.scalaTest.funsuite.AnyFunSuite[0m
[0m[[0m[31merror[0m] [0m[0m           ^[0m
[0m[[0m[31merror[0m] [0m[0mC:\Users\Emile\OneDrive - Efrei\Bureau\OTHERS\Programmes\Scala\scalatesttutorial\src\test\scala\MainEntryTest.scala:4:29: not found: type AnyFunSuite[0m
[0m[[0m[31merror[0m] [0m[0mclass MainEntryTest extends AnyFunSuite {[0m
[0m[[0m[31merror[0m] [0m[0m                            ^[0m
[0m[[0m[31merror[0m] [0m[0mC:\Users\Emile\OneDrive - Efrei\Bureau\OTHERS\Programmes\Scala\scalatesttutorial\src\test\scala\MainEntryTest.scala:6:3: not found: value test[0m
[0m[[0m[31merror[0m] [0m[0m  test("MainEntry.getCountryName") {[0m
[0m[[0m[31merror[0m] [0m[0m  ^[0m
[0m[[0m[31merror[0m] [0m[0mC:\Users\Emile\OneDrive - Efrei\Bureau\OTHERS\Programmes\Scala\scalatesttutorial\src\test\scala\MainEntryTest.scala:10:3: not found: value test[0m
[0m[[0m[31merror[0m] [0m[0m  test("MainEntry.getCountryCode") {[0m
[0m[[0m[31merror[0m] [0m[0m  ^[0m
[0m[[0m[31merror[0m] [0m[0mfour errors found[0m
[0m[[0m[31merror[0m] [0m[0m(Test / [31mcompileIncremental[0m) Compilation failed[0m
[0m[[0m[31merror[0m] [0m[0mTotal time: 2 s, completed 10 nov. 2021 20:50:55[0m
[0m[[0m[0mdebug[0m] [0m[0m> Exec(shell, None, None)[0m
